<?xml version="1.0" encoding="UTF-8"?>
<!-- Generated by org.testng.reporters.JUnitReportReporter -->
<testsuite hostname="DESKTOP-C4H8AT4" failures="0" tests="1" name="testLayer.SigninTest" time="28.226" errors="0" timestamp="2023-08-20T16:05:02 EDT" skipped="0">
  <testcase classname="testLayer.SigninTest" name="Check_Product_Name" time="28.226"/>
  <system-out/>
</testsuite> <!-- testLayer.SigninTest -->
